number,value,datetime_start,datetime_complete,duration,params_batch_size,params_dropout_rate,params_hidden_units,params_lr,params_n_layers,user_attrs_val_f1_epoch_1,user_attrs_val_f1_epoch_10,user_attrs_val_f1_epoch_100,user_attrs_val_f1_epoch_11,user_attrs_val_f1_epoch_12,user_attrs_val_f1_epoch_13,user_attrs_val_f1_epoch_14,user_attrs_val_f1_epoch_15,user_attrs_val_f1_epoch_16,user_attrs_val_f1_epoch_17,user_attrs_val_f1_epoch_18,user_attrs_val_f1_epoch_19,user_attrs_val_f1_epoch_2,user_attrs_val_f1_epoch_20,user_attrs_val_f1_epoch_21,user_attrs_val_f1_epoch_22,user_attrs_val_f1_epoch_23,user_attrs_val_f1_epoch_24,user_attrs_val_f1_epoch_25,user_attrs_val_f1_epoch_26,user_attrs_val_f1_epoch_27,user_attrs_val_f1_epoch_28,user_attrs_val_f1_epoch_29,user_attrs_val_f1_epoch_3,user_attrs_val_f1_epoch_30,user_attrs_val_f1_epoch_31,user_attrs_val_f1_epoch_32,user_attrs_val_f1_epoch_33,user_attrs_val_f1_epoch_34,user_attrs_val_f1_epoch_35,user_attrs_val_f1_epoch_36,user_attrs_val_f1_epoch_37,user_attrs_val_f1_epoch_38,user_attrs_val_f1_epoch_39,user_attrs_val_f1_epoch_4,user_attrs_val_f1_epoch_40,user_attrs_val_f1_epoch_41,user_attrs_val_f1_epoch_42,user_attrs_val_f1_epoch_43,user_attrs_val_f1_epoch_44,user_attrs_val_f1_epoch_45,user_attrs_val_f1_epoch_46,user_attrs_val_f1_epoch_47,user_attrs_val_f1_epoch_48,user_attrs_val_f1_epoch_49,user_attrs_val_f1_epoch_5,user_attrs_val_f1_epoch_50,user_attrs_val_f1_epoch_51,user_attrs_val_f1_epoch_52,user_attrs_val_f1_epoch_53,user_attrs_val_f1_epoch_54,user_attrs_val_f1_epoch_55,user_attrs_val_f1_epoch_56,user_attrs_val_f1_epoch_57,user_attrs_val_f1_epoch_58,user_attrs_val_f1_epoch_59,user_attrs_val_f1_epoch_6,user_attrs_val_f1_epoch_60,user_attrs_val_f1_epoch_61,user_attrs_val_f1_epoch_62,user_attrs_val_f1_epoch_63,user_attrs_val_f1_epoch_64,user_attrs_val_f1_epoch_65,user_attrs_val_f1_epoch_66,user_attrs_val_f1_epoch_67,user_attrs_val_f1_epoch_68,user_attrs_val_f1_epoch_69,user_attrs_val_f1_epoch_7,user_attrs_val_f1_epoch_70,user_attrs_val_f1_epoch_71,user_attrs_val_f1_epoch_72,user_attrs_val_f1_epoch_73,user_attrs_val_f1_epoch_74,user_attrs_val_f1_epoch_75,user_attrs_val_f1_epoch_76,user_attrs_val_f1_epoch_77,user_attrs_val_f1_epoch_78,user_attrs_val_f1_epoch_79,user_attrs_val_f1_epoch_8,user_attrs_val_f1_epoch_80,user_attrs_val_f1_epoch_81,user_attrs_val_f1_epoch_82,user_attrs_val_f1_epoch_83,user_attrs_val_f1_epoch_84,user_attrs_val_f1_epoch_85,user_attrs_val_f1_epoch_86,user_attrs_val_f1_epoch_87,user_attrs_val_f1_epoch_88,user_attrs_val_f1_epoch_89,user_attrs_val_f1_epoch_9,user_attrs_val_f1_epoch_90,user_attrs_val_f1_epoch_91,user_attrs_val_f1_epoch_92,user_attrs_val_f1_epoch_93,user_attrs_val_f1_epoch_94,user_attrs_val_f1_epoch_95,user_attrs_val_f1_epoch_96,user_attrs_val_f1_epoch_97,user_attrs_val_f1_epoch_98,user_attrs_val_f1_epoch_99,state
58,0.5296009132861099,2026-07-31 17:29:34.658448,2026-07-31 17:31:48.314575,0 days 00:02:13.656127,1024,0.35865515542113885,832,0.0007439358996142884,5,0.7364253393665159,0.7502004168670835,,0.74773595346389,0.749483734277362,0.7546387991243615,0.7514204166555523,0.7545933627688364,0.7549838891363005,0.7510939033122066,,,0.745648349917299,,,,,,,,,,,0.7475712693103997,,,,,,,,,,,0.7489142842148078,,,,,,,,,,,0.7520618760112071,,,,,,,,,,,0.7521077483591787,,,,,,,,,,,0.7523121687623402,,,,,,,,,,,0.7494585416722372,,,,,,,,,,,0.7514576486801654,,,,,,,,,,,PRUNED
59,0.5276799118669143,2026-07-31 17:31:48.318883,2026-07-31 17:32:26.446901,0 days 00:00:38.128018,512,0.2606599643202647,469,0.001055663867270514,3,0.7356312483891534,0.7512760527435134,,0.7512377893750837,0.7504996889353648,0.7538508083080121,,,,,,,0.7490587615486425,,,,,,,,,,,0.7498991056201424,,,,,,,,,,,0.7531768994481053,,,,,,,,,,,0.7527002641420614,,,,,,,,,,,0.7512571324353196,,,,,,,,,,,0.7532728054292749,,,,,,,,,,,0.7520510840977193,,,,,,,,,,,0.7528201068672076,,,,,,,,,,,PRUNED
60,0.5280706822103161,2026-07-31 17:32:26.451436,2026-07-31 17:34:59.881232,0 days 00:02:33.429796,256,0.27915074341245943,407,0.00041265906238771355,10,0.7274144153997594,0.7458270728042617,,0.7498264723156602,0.7491937945403634,0.7550357207335001,,,,,,,0.7411805518492822,,,,,,,,,,,0.7424632303150139,,,,,,,,,,,0.7498604639088278,,,,,,,,,,,0.7512306841814305,,,,,,,,,,,0.742613613080359,,,,,,,,,,,0.7500399169726968,,,,,,,,,,,0.7502387267904509,,,,,,,,,,,0.7424801891880679,,,,,,,,,,,PRUNED
61,0.5273309150737122,2026-07-31 17:34:59.884329,2026-07-31 17:37:56.559371,0 days 00:02:56.675042,512,0.18969140392045317,933,0.0002895897981929563,5,0.7386941432837427,0.7504924227197813,,0.7490387080235837,0.7485666172166312,0.7538790446336057,0.7515095583388266,0.7524550239610338,0.7539299773195339,,,,0.7477840872005743,,,,,,,,,,,0.7495479441285149,,,,,,,,,,,0.7498179737882255,,,,,,,,,,,0.7521660602570479,,,,,,,,,,,0.7470929846243803,,,,,,,,,,,0.7506241991096081,,,,,,,,,,,0.7517670862127861,,,,,,,,,,,0.7506041052603627,,,,,,,,,,,PRUNED
62,0.5282280238889856,2026-07-31 17:37:56.565258,2026-07-31 17:40:33.853504,0 days 00:02:37.288246,512,0.2192004217553756,838,0.0004121155431957991,6,0.7379729729729729,0.7499153793038086,,0.7498258026477997,0.7482646304997864,0.7536558224782353,,,,,,,0.7487071541799849,,,,,,,,,,,0.7476514329566805,,,,,,,,,,,0.7499217200709738,,,,,,,,,,,0.7523704520396913,,,,,,,,,,,0.747539942863189,,,,,,,,,,,0.7516344185432213,,,,,,,,,,,0.7516195871691976,,,,,,,,,,,0.7506746606755912,,,,,,,,,,,PRUNED
63,0.5270740142717698,2026-07-31 17:40:33.857682,2026-07-31 17:43:25.015395,0 days 00:02:51.157713,512,0.199853493032687,920,0.0005584500271298162,5,0.7393363649857638,0.7506537043245055,,0.7488133866080288,0.7499136533914291,0.7543075774053644,0.7521713422245582,0.7522230991844252,0.754638261255036,,,,0.7467775575505551,,,,,,,,,,,0.7490408160592926,,,,,,,,,,,0.7518796992481203,,,,,,,,,,,0.7511383262678599,,,,,,,,,,,0.7480264111654388,,,,,,,,,,,0.7521625956406279,,,,,,,,,,,0.7509816023427138,,,,,,,,,,,0.7515239477503628,,,,,,,,,,,PRUNED
64,0.5283737343745432,2026-07-31 17:43:25.019560,2026-07-31 17:45:05.097618,0 days 00:01:40.078058,512,0.15473849237540913,861,0.0012354394967095212,4,0.7413751700952533,0.7514642561044101,,0.752108821849387,0.7504323375268973,0.7528649725959143,,,,,,,0.7479327961236636,,,,,,,,,,,0.7502619358677515,,,,,,,,,,,0.7512143584193369,,,,,,,,,,,0.7515609768949074,,,,,,,,,,,0.7500788560614026,,,,,,,,,,,0.7517147136888025,,,,,,,,,,,0.7527785731018507,,,,,,,,,,,0.752871297537386,,,,,,,,,,,PRUNED
65,0.5275772332078462,2026-07-31 17:45:05.102776,2026-07-31 17:47:19.094582,0 days 00:02:13.991806,512,0.24769505548550322,910,0.00023551279783746597,5,0.7312771694271721,0.7500772403046626,,0.748879346319006,0.7483578039573903,0.7536971067264339,,,,,,,0.745826531149613,,,,,,,,,,,0.7493821967506178,,,,,,,,,,,0.74906239790918,,,,,,,,,,,0.7512769411485212,,,,,,,,,,,0.7471405665419562,,,,,,,,,,,0.74951296765045,,,,,,,,,,,0.750906525666214,,,,,,,,,,,0.7508874559595825,,,,,,,,,,,PRUNED
66,0.5283466559461393,2026-07-31 17:47:19.099166,2026-07-31 17:49:29.715928,0 days 00:02:10.616762,512,0.1340508610504258,999,0.00036950192206943377,4,0.7380519777661135,0.7505763515944617,,0.7476035754250199,0.7476463773519582,0.7525695861025202,,,,,,,0.7487281204518231,,,,,,,,,,,0.7494948448266929,,,,,,,,,,,0.7510237510237511,,,,,,,,,,,0.7514054210984719,,,,,,,,,,,0.7489857210601191,,,,,,,,,,,0.7517123063424089,,,,,,,,,,,0.7517743403093722,,,,,,,,,,,0.7518555561404432,,,,,,,,,,,PRUNED
67,0.5281327981111492,2026-07-31 17:49:29.720149,2026-07-31 17:52:25.958879,0 days 00:02:56.238730,128,0.10441774315784842,445,0.0004592663707851048,6,0.738741190236469,0.7512566844919786,,0.7485126658949579,0.7504457751164338,0.7502346662375627,,,,,,,0.7470805812417437,,,,,,,,,,,0.7431873152378393,,,,,,,,,,,0.7528422881377583,,,,,,,,,,,0.751626381763368,,,,,,,,,,,0.7497142857142857,,,,,,,,,,,0.7461959009991651,,,,,,,,,,,0.7513766919775503,,,,,,,,,,,0.7485144770959378,,,,,,,,,,,PRUNED
68,0.5280757810228535,2026-07-31 17:52:25.963249,2026-07-31 17:57:27.497675,0 days 00:05:01.534426,256,0.23168029139347474,785,0.0006239362931936539,7,0.7373125059066546,0.7500437480649894,,0.749435062243438,0.7505391048230158,0.7538570715168081,0.7535886407213557,0.7500468879779224,0.7540850209336816,,,,0.7464246204699642,,,,,,,,,,,0.7475891869104706,,,,,,,,,,,0.7512166156785295,,,,,,,,,,,0.7522798152461411,,,,,,,,,,,0.7464858166895394,,,,,,,,,,,0.7486801128085863,,,,,,,,,,,0.7533091416248047,,,,,,,,,,,0.7492467448617238,,,,,,,,,,,PRUNED
69,0.52706254776831,2026-07-31 17:57:27.501746,2026-07-31 17:58:32.310759,0 days 00:01:04.809013,512,0.3007333900370391,507,0.0007524199584110354,4,0.7374845097072501,0.7503951986710607,,0.7487281634410917,0.7492415496550058,0.7549689562263266,0.7534749161680584,0.7534298730454647,0.7543519806549747,,,,0.7497089936937974,,,,,,,,,,,0.747553351446886,,,,,,,,,,,0.7505052075237059,,,,,,,,,,,0.7523235301861457,,,,,,,,,,,0.7486784433523709,,,,,,,,,,,0.7516730872897958,,,,,,,,,,,0.7509367248931342,,,,,,,,,,,0.7513863461487437,,,,,,,,,,,PRUNED
70,0.5270310764850281,2026-07-31 17:58:32.313896,2026-07-31 18:00:47.333280,0 days 00:02:15.019384,512,0.21371374692033002,718,0.001534125195260931,5,0.738965849422683,0.7500912470429199,,0.7519456028048553,0.7493036957686128,0.7546492744512546,0.7535318523186807,0.7528063365505665,0.7543875697502712,,,,0.7476728245969058,,,,,,,,,,,0.7495206325024296,,,,,,,,,,,0.7522287119581924,,,,,,,,,,,0.7518384513904309,,,,,,,,,,,0.7492844270115552,,,,,,,,,,,0.7516817474345108,,,,,,,,,,,0.7525979373357907,,,,,,,,,,,0.7528329731724029,,,,,,,,,,,PRUNED
71,0.5281485887846593,2026-07-31 18:00:47.336824,2026-07-31 18:02:13.999187,0 days 00:01:26.662363,512,0.22408776315662496,878,0.000448037405943125,3,0.7359517106972715,0.7529198708695309,,0.7487109249113761,0.7490759753593429,0.7531567802148963,,,,,,,0.7472032934016901,,,,,,,,,,,0.7472942163054588,,,,,,,,,,,0.7498873714425466,,,,,,,,,,,0.752213319322212,,,,,,,,,,,0.7503264218937693,,,,,,,,,,,0.7523870646635843,,,,,,,,,,,0.7530526370137078,,,,,,,,,,,0.752022520685618,,,,,,,,,,,PRUNED
72,0.5279729924639713,2026-07-31 18:02:14.002844,2026-07-31 18:04:02.845923,0 days 00:01:48.843079,512,0.18130941457142177,800,0.00039171509700525875,4,0.7377865591252334,0.7516945081923467,,0.7496073983597976,0.7489348103962505,0.7532522031053294,,,,,,,0.7470951601047161,,,,,,,,,,,0.7503594419905962,,,,,,,,,,,0.7507228418009088,,,,,,,,,,,0.7525283581699005,,,,,,,,,,,0.7496337358938824,,,,,,,,,,,0.7522051874409325,,,,,,,,,,,0.7525545825883827,,,,,,,,,,,0.7519132316461709,,,,,,,,,,,PRUNED
73,0.5279188051427758,2026-07-31 18:04:02.851509,2026-07-31 18:05:22.801478,0 days 00:01:19.949969,512,0.16661715863767165,668,0.0003118201823192981,4,0.7347923910820209,0.7514951316648241,,0.7501708588504885,0.7494870606923026,0.7523918867202449,,,,,,,0.7487230143360324,,,,,,,,,,,0.747824493908583,,,,,,,,,,,0.7489857812438457,,,,,,,,,,,0.7518444874679504,,,,,,,,,,,0.7492893988840931,,,,,,,,,,,0.7515893323485188,,,,,,,,,,,0.7523802091462463,,,,,,,,,,,0.7523095373018278,,,,,,,,,,,PRUNED
74,0.5280723324939306,2026-07-31 18:05:22.805143,2026-07-31 18:08:42.310012,0 days 00:03:19.504869,512,0.2595309962806488,744,0.0005209054868621694,9,0.7313660961403412,0.7500605017612735,,0.7515285529698552,0.7478382110442279,0.7549855342012812,,,,,,,0.7447651839692517,,,,,,,,,,,0.7460831695788411,,,,,,,,,,,0.7515752157431007,,,,,,,,,,,0.7520397116679428,,,,,,,,,,,0.7446516618899499,,,,,,,,,,,0.7472845176979195,,,,,,,,,,,0.7518473067181911,,,,,,,,,,,0.7483357316728755,,,,,,,,,,,PRUNED
75,0.5276282753574096,2026-07-31 18:08:42.315794,2026-07-31 18:11:20.766181,0 days 00:02:38.450387,512,0.23940881574212317,964,0.0008969439801472415,5,0.7382375312398131,0.7512240802675585,,0.7509716712745923,0.7493786579010663,0.7546130256250325,,,,,,,0.7478453326389793,,,,,,,,,,,0.7490641623432062,,,,,,,,,,,0.7511144994766699,,,,,,,,,,,0.7504115687023404,,,,,,,,,,,0.7487848251333729,,,,,,,,,,,0.7520601226184983,,,,,,,,,,,0.7519637899501322,,,,,,,,,,,0.7511175770400741,,,,,,,,,,,PRUNED
76,0.5287810391780141,2026-07-31 18:11:20.771607,2026-07-31 18:12:02.698163,0 days 00:00:41.926556,1024,0.20008138056686564,324,0.0006967968386542338,6,0.7322257147133663,0.7499630778319303,,0.7501963551165484,0.7491877668286658,0.753057842544125,,,,,,,0.7436640019218194,,,,,,,,,,,0.7430222401397568,,,,,,,,,,,0.7476053639846744,,,,,,,,,,,0.7509139621745041,,,,,,,,,,,0.7513161887922731,,,,,,,,,,,0.7524804245807135,,,,,,,,,,,0.7455798864557989,,,,,,,,,,,0.7495538686909042,,,,,,,,,,,PRUNED
77,0.5286995268997877,2026-07-31 18:12:02.702403,2026-07-31 18:13:14.884445,0 days 00:01:12.182042,256,0.27158048797567996,593,0.00025365305936912513,3,0.7325956473806704,0.7506657435023434,,0.7490775901537798,0.7497847197382193,0.7514816278150929,,,,,,,0.7441291069924179,,,,,,,,,,,0.7472217137776848,,,,,,,,,,,0.7495251229476204,,,,,,,,,,,0.750797170863569,,,,,,,,,,,0.749556557043188,,,,,,,,,,,0.7501023250901121,,,,,,,,,,,0.7518419815018028,,,,,,,,,,,0.7499767574674937,,,,,,,,,,,PRUNED
78,0.5270653651707132,2026-07-31 18:13:14.887392,2026-07-31 18:14:54.485967,0 days 00:01:39.598575,512,0.28555936781356017,698,0.000589808588523119,4,0.7354010406108521,0.7503375262334746,,0.747905745014322,0.7502699532081106,0.7545195925484078,0.7525030509008359,0.7533769233780979,0.7546918639555219,,,,0.7483596473241747,,,,,,,,,,,0.7481824539181148,,,,,,,,,,,0.7519390849841905,,,,,,,,,,,0.7509904389625482,,,,,,,,,,,0.7490682084579015,,,,,,,,,,,0.751966536002736,,,,,,,,,,,0.7519481887110362,,,,,,,,,,,0.751584817318568,,,,,,,,,,,PRUNED
79,0.5277881166183344,2026-07-31 18:14:54.490868,2026-07-31 18:15:41.993723,0 days 00:00:47.502855,512,0.19398838485417078,354,0.000344593151094851,5,0.7304517960235336,0.749352061987189,,0.7509353287012293,0.746879896266681,0.7533674799531253,,,,,,,0.7459977809478523,,,,,,,,,,,0.7458598132086282,,,,,,,,,,,0.749854766305783,,,,,,,,,,,0.7504129149128883,,,,,,,,,,,0.7497742123997237,,,,,,,,,,,0.7510428567632914,,,,,,,,,,,0.750639658848614,,,,,,,,,,,0.750403349467312,,,,,,,,,,,PRUNED
80,0.5276594963585737,2026-07-31 18:15:41.997928,2026-07-31 18:16:18.497952,0 days 00:00:36.500024,512,0.2104289952991265,468,0.0008325731657413263,3,0.734600574204346,0.7511384094037912,,0.7492737249838606,0.7508556778686684,0.7535452386886881,,,,,,,0.7483671012525294,,,,,,,,,,,0.7481143155422159,,,,,,,,,,,0.7512682532139784,,,,,,,,,,,0.7515980533999737,,,,,,,,,,,0.7500262660222736,,,,,,,,,,,0.7538060195460032,,,,,,,,,,,0.7527942570067374,,,,,,,,,,,0.7520184239087275,,,,,,,,,,,PRUNED
81,0.5271033967656779,2026-07-31 18:16:18.501158,2026-07-31 18:17:13.690835,0 days 00:00:55.189677,512,0.22365451959348948,447,0.0010686838740602727,4,0.7394375583100093,0.7501471453796351,,0.7511046441777576,0.7505928748434544,0.7542794181303042,0.7523156089193825,0.7538887148971709,0.75502165179736,,,,0.747939052091575,,,,,,,,,,,0.7498897106526534,,,,,,,,,,,0.752086338347414,,,,,,,,,,,0.7523446735846578,,,,,,,,,,,0.7491956731851341,,,,,,,,,,,0.7522815483058848,,,,,,,,,,,0.7527337414325328,,,,,,,,,,,0.7526315099558247,,,,,,,,,,,PRUNED
82,0.5276511067723444,2026-07-31 18:17:13.695115,2026-07-31 18:18:16.470654,0 days 00:01:02.775539,512,0.17584595817660387,547,0.0006675511954810794,4,0.7393091995125022,0.7514484742737649,,0.749956377595533,0.7488049138736814,0.7537276145896337,,,,,,,0.7484639114805088,,,,,,,,,,,0.7505755153772535,,,,,,,,,,,0.7513718118077432,,,,,,,,,,,0.7508589248903219,,,,,,,,,,,0.7502988741312944,,,,,,,,,,,0.7530764206401045,,,,,,,,,,,0.7518371517271191,,,,,,,,,,,0.7511516479455128,,,,,,,,,,,PRUNED
83,0.525378239053176,2026-07-31 18:18:16.474764,2026-07-31 18:19:33.599184,0 days 00:01:17.124420,512,0.1502533118681974,384,0.0013264579446729758,5,0.7411930106447078,0.750261906680635,,0.7504295532646048,0.7501302170283807,0.7555387286708357,0.7525775907417149,0.7523981285449175,0.7549420497460607,0.7540464004572498,0.7538379126981016,0.7502398209337028,0.7480329226628015,0.7556503198294243,,,,,,,,,,0.7488406023656923,,,,,,,,,,,0.7521092192053996,,,,,,,,,,,0.7530368580374427,,,,,,,,,,,0.7498983433241078,,,,,,,,,,,0.7527353447256774,,,,,,,,,,,0.7525716815542072,,,,,,,,,,,0.7517751204427515,,,,,,,,,,,PRUNED
84,0.5276972350850371,2026-07-31 18:19:33.602477,2026-07-31 18:20:31.461232,0 days 00:00:57.858755,512,0.16736159961699748,525,0.0004619569866430169,4,0.7351770091280913,0.7511306162862266,,0.7492271713125991,0.7488610097933117,0.7536517185715973,,,,,,,0.7479100680201465,,,,,,,,,,,0.7475324743416655,,,,,,,,,,,0.7507664328396986,,,,,,,,,,,0.7513196866978213,,,,,,,,,,,0.7499176363612403,,,,,,,,,,,0.7525413044049276,,,,,,,,,,,0.7521276179801639,,,,,,,,,,,0.7513090046262543,,,,,,,,,,,PRUNED
85,0.5282544632675412,2026-07-31 18:20:31.465617,2026-07-31 18:22:11.728377,0 days 00:01:40.262760,128,0.2419202733264957,423,0.0008040952922954734,3,0.7352269463780206,0.7493374588013721,,0.7492538918613718,0.7498038172507814,0.7519640554588113,,,,,,,0.7455950212103885,,,,,,,,,,,0.7498854247142165,,,,,,,,,,,0.7524195825738711,,,,,,,,,,,0.7537250088146571,,,,,,,,,,,0.7496362530091797,,,,,,,,,,,0.7529060634621426,,,,,,,,,,,0.7521173882690763,,,,,,,,,,,0.7499131364426033,,,,,,,,,,,PRUNED
86,0.5282534365960895,2026-07-31 18:22:11.732718,2026-07-31 18:23:03.790761,0 days 00:00:52.058043,512,0.2511062779960017,294,0.0017911827985959137,4,0.7367552579968891,0.7505232090152938,,0.7502968051757487,0.7495847010512047,0.7535091758205618,,,,,,,0.7496998952826093,,,,,,,,,,,0.748840885142255,,,,,,,,,,,0.7530430771596238,,,,,,,,,,,0.7531393847718648,,,,,,,,,,,0.7489273796281583,,,,,,,,,,,0.7518743400211193,,,,,,,,,,,0.7517961088677959,,,,,,,,,,,0.751945486603651,,,,,,,,,,,PRUNED
87,0.5278837644656155,2026-07-31 18:23:03.796512,2026-07-31 18:27:40.580832,0 days 00:04:36.784320,256,0.205307544710971,649,0.0009758258404975556,8,0.7386299906529576,0.7471577305624342,,0.7504816571663943,0.7505619739662293,0.7544967768766896,0.7537035836951591,0.7512392191258356,0.7519601610510701,,,,0.7474421533133953,,,,,,,,,,,0.7473084062582869,,,,,,,,,,,0.7524867165269069,,,,,,,,,,,0.7533328980870928,,,,,,,,,,,0.7476381104883907,,,,,,,,,,,0.7509581603321622,,,,,,,,,,,0.753101816732453,,,,,,,,,,,0.7468292283773832,,,,,,,,,,,PRUNED
88,0.5276651639267265,2026-07-31 18:27:40.585893,2026-07-31 18:28:31.059570,0 days 00:00:50.473677,512,0.2698725990619924,466,0.0005423608069989317,4,0.7313777146835201,0.7510306125162903,,0.7494549271890393,0.7505639574462405,0.7539012770201987,,,,,,,0.7482931032231955,,,,,,,,,,,0.7470320118719526,,,,,,,,,,,0.7500620760856781,,,,,,,,,,,0.7519698929789486,,,,,,,,,,,0.7496563028764806,,,,,,,,,,,0.7527584261555215,,,,,,,,,,,0.7511921903277368,,,,,,,,,,,0.750575594781274,,,,,,,,,,,PRUNED
89,0.5335389412333214,2026-07-31 18:28:31.063088,2026-07-31 18:29:10.046173,0 days 00:00:38.983085,512,0.1827965584148842,258,0.00018002886597049656,5,0.7205725474309634,0.7459628172072195,,0.7465564363705587,,,,,,,,,0.7375520354652105,,,,,,,,,,,0.7384981274432082,,,,,,,,,,,0.7427296694382478,,,,,,,,,,,0.7432976235793137,,,,,,,,,,,0.7464583501983324,,,,,,,,,,,0.7452714655055109,,,,,,,,,,,0.7448187760759958,,,,,,,,,,,0.7473373020694124,,,,,,,,,,,PRUNED
90,0.5288004640691327,2026-07-31 18:29:10.049106,2026-07-31 18:29:45.473412,0 days 00:00:35.424306,1024,0.22948995818328716,403,0.000301106286617898,4,0.7260022662278098,0.750006650881907,,0.7508741025435717,0.7486122125297383,0.7517913593256059,,,,,,,0.7438486962908557,,,,,,,,,,,0.7445280802904122,,,,,,,,,,,0.7455408148178018,,,,,,,,,,,0.7498437936214621,,,,,,,,,,,0.7506080152268161,,,,,,,,,,,0.7471458887366696,,,,,,,,,,,0.7486274404777846,,,,,,,,,,,0.7507412898443291,,,,,,,,,,,PRUNED
91,0.5278825812876381,2026-07-31 18:29:45.478224,2026-07-31 18:35:13.108484,0 days 00:05:27.630260,256,0.13680724393406143,650,0.0006040148713632306,10,0.7391925398878827,0.7508542484623527,,0.748890860692103,0.7522525434026656,0.7541647730961502,0.7526721935450232,0.7496457124522046,0.754571376252387,,,,0.7488401710179204,,,,,,,,,,,0.748470108269261,,,,,,,,,,,0.7520926908942426,,,,,,,,,,,0.7532853122660264,,,,,,,,,,,0.744709915894359,,,,,,,,,,,0.7462504075643952,,,,,,,,,,,0.7516329744662175,,,,,,,,,,,0.7456519964072834,,,,,,,,,,,PRUNED
92,0.5280230402991392,2026-07-31 18:35:13.112634,2026-07-31 18:37:05.824661,0 days 00:01:52.712027,256,0.1903830036673597,753,0.000459141527275905,3,0.7360759665877615,0.7501104994575482,,0.7497292310160857,0.7503603343903142,0.7527393120845048,0.7549233573831103,0.7518643535599341,0.7542457155402875,,,,0.7443549242022687,,,,,,,,,,,0.7500323122657361,,,,,,,,,,,0.7505480277411002,,,,,,,,,,,0.753760703540847,,,,,,,,,,,0.7490642565567249,,,,,,,,,,,0.7539603896688843,,,,,,,,,,,0.752696546084654,,,,,,,,,,,0.751459936173312,,,,,,,,,,,PRUNED
93,0.52780283580176,2026-07-31 18:37:05.828287,2026-07-31 18:41:27.657024,0 days 00:04:21.828737,256,0.21281303017254727,728,0.000500366357621267,7,0.7306878895814782,0.7490838542789394,,0.7500634560149623,0.7514098420715192,0.753660072414336,0.7538865125415143,0.7514303877940242,0.7508784164364456,,,,0.7471424442283943,,,,,,,,,,,0.7450346295847144,,,,,,,,,,,0.7511941502644418,,,,,,,,,,,0.7527879103699844,,,,,,,,,,,0.7486615425390936,,,,,,,,,,,0.7470219138353955,,,,,,,,,,,0.7529384231329311,,,,,,,,,,,0.7499832059222635,,,,,,,,,,,PRUNED
94,0.5284334198107217,2026-07-31 18:41:27.660433,2026-07-31 18:45:02.527101,0 days 00:03:34.866668,256,0.2581320873412678,491,0.00037639555209577374,9,0.7236378001636615,0.7527956535499525,,0.7485095510402725,0.7511734626983086,0.7537213865271419,0.75172102171544,0.7509566198090788,0.753882538431218,,,,0.7400915666567334,,,,,,,,,,,0.7432563398481667,,,,,,,,,,,0.7499447671774079,,,,,,,,,,,0.7495602259050088,,,,,,,,,,,0.745936537689115,,,,,,,,,,,0.7494097717784209,,,,,,,,,,,0.7508696110466955,,,,,,,,,,,0.7466239600439734,,,,,,,,,,,PRUNED
