number,value,datetime_start,datetime_complete,duration,params_batch_size,params_dropout_rate,params_hidden_units,params_lr,params_n_layers,user_attrs_val_f1_epoch_1,user_attrs_val_f1_epoch_10,user_attrs_val_f1_epoch_100,user_attrs_val_f1_epoch_11,user_attrs_val_f1_epoch_12,user_attrs_val_f1_epoch_13,user_attrs_val_f1_epoch_14,user_attrs_val_f1_epoch_15,user_attrs_val_f1_epoch_16,user_attrs_val_f1_epoch_17,user_attrs_val_f1_epoch_18,user_attrs_val_f1_epoch_19,user_attrs_val_f1_epoch_2,user_attrs_val_f1_epoch_20,user_attrs_val_f1_epoch_21,user_attrs_val_f1_epoch_22,user_attrs_val_f1_epoch_23,user_attrs_val_f1_epoch_24,user_attrs_val_f1_epoch_25,user_attrs_val_f1_epoch_26,user_attrs_val_f1_epoch_27,user_attrs_val_f1_epoch_28,user_attrs_val_f1_epoch_29,user_attrs_val_f1_epoch_3,user_attrs_val_f1_epoch_30,user_attrs_val_f1_epoch_31,user_attrs_val_f1_epoch_32,user_attrs_val_f1_epoch_33,user_attrs_val_f1_epoch_34,user_attrs_val_f1_epoch_35,user_attrs_val_f1_epoch_36,user_attrs_val_f1_epoch_37,user_attrs_val_f1_epoch_38,user_attrs_val_f1_epoch_39,user_attrs_val_f1_epoch_4,user_attrs_val_f1_epoch_40,user_attrs_val_f1_epoch_41,user_attrs_val_f1_epoch_42,user_attrs_val_f1_epoch_43,user_attrs_val_f1_epoch_44,user_attrs_val_f1_epoch_45,user_attrs_val_f1_epoch_46,user_attrs_val_f1_epoch_47,user_attrs_val_f1_epoch_48,user_attrs_val_f1_epoch_49,user_attrs_val_f1_epoch_5,user_attrs_val_f1_epoch_50,user_attrs_val_f1_epoch_51,user_attrs_val_f1_epoch_52,user_attrs_val_f1_epoch_53,user_attrs_val_f1_epoch_54,user_attrs_val_f1_epoch_55,user_attrs_val_f1_epoch_56,user_attrs_val_f1_epoch_57,user_attrs_val_f1_epoch_58,user_attrs_val_f1_epoch_59,user_attrs_val_f1_epoch_6,user_attrs_val_f1_epoch_60,user_attrs_val_f1_epoch_61,user_attrs_val_f1_epoch_62,user_attrs_val_f1_epoch_63,user_attrs_val_f1_epoch_64,user_attrs_val_f1_epoch_65,user_attrs_val_f1_epoch_66,user_attrs_val_f1_epoch_67,user_attrs_val_f1_epoch_68,user_attrs_val_f1_epoch_69,user_attrs_val_f1_epoch_7,user_attrs_val_f1_epoch_70,user_attrs_val_f1_epoch_71,user_attrs_val_f1_epoch_72,user_attrs_val_f1_epoch_73,user_attrs_val_f1_epoch_74,user_attrs_val_f1_epoch_75,user_attrs_val_f1_epoch_76,user_attrs_val_f1_epoch_77,user_attrs_val_f1_epoch_78,user_attrs_val_f1_epoch_79,user_attrs_val_f1_epoch_8,user_attrs_val_f1_epoch_80,user_attrs_val_f1_epoch_81,user_attrs_val_f1_epoch_82,user_attrs_val_f1_epoch_83,user_attrs_val_f1_epoch_84,user_attrs_val_f1_epoch_85,user_attrs_val_f1_epoch_86,user_attrs_val_f1_epoch_87,user_attrs_val_f1_epoch_88,user_attrs_val_f1_epoch_89,user_attrs_val_f1_epoch_9,user_attrs_val_f1_epoch_90,user_attrs_val_f1_epoch_91,user_attrs_val_f1_epoch_92,user_attrs_val_f1_epoch_93,user_attrs_val_f1_epoch_94,user_attrs_val_f1_epoch_95,user_attrs_val_f1_epoch_96,user_attrs_val_f1_epoch_97,user_attrs_val_f1_epoch_98,user_attrs_val_f1_epoch_99,state
95,0.5273855105790842,2026-07-31 18:45:02.532909,2026-07-31 18:46:49.832468,0 days 00:01:47.299559,256,0.17978141210134269,370,0.0011682533557800165,5,0.7376560764876358,0.7496866534589415,,0.7503843634273185,0.7497815553260784,0.7530322648838623,0.7543827753681531,0.7513059277765161,0.7535032099025825,,,,0.7455476552104195,,,,,,,,,,,0.7484392117524385,,,,,,,,,,,0.7520635813038256,,,,,,,,,,,0.7538819371353578,,,,,,,,,,,0.7496381286270135,,,,,,,,,,,0.7489644633306076,,,,,,,,,,,0.7524983606557377,,,,,,,,,,,0.7500571013986483,,,,,,,,,,,PRUNED
96,0.5335157864446006,2026-07-31 18:46:49.839132,2026-07-31 18:49:46.525401,0 days 00:02:56.686269,512,0.24346369049091582,688,0.0001213322282513021,10,0.7115557197909518,0.7436523839587165,,0.7470574690848018,,,,,,,,,0.7318966562891683,,,,,,,,,,,0.7297410659359096,,,,,,,,,,,0.7396270650455264,,,,,,,,,,,0.7416642821131232,,,,,,,,,,,0.7388905024687772,,,,,,,,,,,0.7390090718771808,,,,,,,,,,,0.7464005856674168,,,,,,,,,,,0.7439774684859588,,,,,,,,,,,PRUNED
97,0.5250691922900634,2026-07-31 18:49:46.529189,2026-07-31 19:00:54.256962,0 days 00:11:07.727773,512,0.2179998531371498,587,0.0007130427619600593,5,0.738488807723812,0.7477475032566218,0.7496934295019713,0.7498259891845586,0.7500433050407067,0.7546087024881097,0.7528390025659583,0.7526110432349348,0.7546330809170688,0.7547032343680883,0.7539967842716898,0.7490418106752377,0.7483185016556292,0.756248781438877,0.7545101741136984,0.7539174400337949,0.7528673788089552,0.7528698979591837,0.7552926118925414,0.7527254904558159,0.7542547738891591,0.7523057880937487,0.7557435579012729,0.7490503261638417,0.7542003570303476,0.75455525464728,0.7525922798870742,0.7557125969420232,0.7537249641640694,0.7521039735804836,0.7545054800813809,0.7536189694868606,0.7539444275455279,0.7540586126923888,0.7509109233273897,0.7541251300420085,0.7542219304005253,0.7549637504769674,0.7541955885633308,0.752780720338983,0.7535256620884537,0.7523905921210345,0.7546981365153625,0.7508227108490376,0.7524392830628911,0.7523055963110459,0.7524665701727595,0.7535651149086623,0.7544823787101766,0.7535533095783715,0.7531777550505386,0.7531110202034864,0.7536884221055263,0.7534196030888438,0.753102211438292,0.7525240543034137,0.748845810992403,0.7537997903563941,0.7508741142530477,0.752191909440749,0.7519985151993213,0.7537052895066201,0.7511717085641244,0.7524026136229178,0.7518383562004236,0.7509931839017844,0.7526844931045373,0.7509000604420151,0.754267411429241,0.7538978985242739,0.7514290250873293,0.7527510540812198,0.7521288777162111,0.7518633745945588,0.7516428883100398,0.7526302015179273,0.7517859977774249,0.7503433928547615,0.7521529588370072,0.7521707812193046,0.7512774369819648,0.7513441928221427,0.7501227946740299,0.7529088410444342,0.7516645529486367,0.7528722803608241,0.7528070794609362,0.7522338291609139,0.7516295384937567,0.7510445219150012,0.7514254328608045,0.7500698129014242,0.7516729209856456,0.75029432384883,0.7497486373498439,0.7497917685788701,0.7492822203317737,0.7497248047108128,0.7509941999497945,0.7509645922465157,COMPLETE
98,0.5247753884841055,2026-07-31 19:00:54.267492,2026-07-31 19:12:39.453505,0 days 00:11:45.186013,512,0.21699020101562416,598,0.0006863791116136079,5,0.7375603441301006,0.7506293856125127,0.7486228351761582,0.7500905226172435,0.7488201082960091,0.7547754931853126,0.7534130027879946,0.7519743076761083,0.7544903940084663,0.7547194358794218,0.7529628411706676,0.750110027873728,0.7482961765045628,0.7552746465107187,0.7533145312211709,0.7547412830049811,0.7532412830874127,0.7526613395630359,0.7549387542350795,0.7518158513138218,0.753989484364911,0.7533684517034174,0.7562411833982581,0.7484334684850719,0.7541661182045545,0.7550871334655118,0.7531838920849038,0.7553062226933119,0.7526535778800385,0.7526142537974433,0.7553701936276753,0.7545294380604276,0.753368575857546,0.7539434660507598,0.7502526757716329,0.7535717104743863,0.7543640733978695,0.7545873063756673,0.7549580447958529,0.7529184679860919,0.7538198553583169,0.752117717240008,0.7554781333088842,0.7502971045808124,0.7523526694383951,0.7534929879083858,0.7529150765248854,0.7537460903249447,0.7548683155168107,0.7541390509888833,0.7530040408336878,0.7537892255626226,0.7546337388398684,0.7555281911548941,0.7530745148805199,0.7523064130822126,0.7493903162446117,0.7532827622286162,0.7507689849398793,0.753190369688199,0.7520021179429479,0.7538473659330848,0.7513678297101931,0.7534207077326344,0.7522288212597285,0.751661262027537,0.750492405715872,0.7514860750484375,0.7533568904593639,0.7524328278276317,0.7512576858580212,0.7526884523638828,0.7528934651796647,0.7511829443351588,0.7508060679739944,0.7521743686471759,0.7519845979376005,0.7503496410352039,0.7520138542677967,0.7516534956805302,0.750861502038669,0.7505773672055427,0.7508651433099987,0.752498698594482,0.7509907442760655,0.7508613207795282,0.7536449371919429,0.7521820448877805,0.7509643897446663,0.7518602905345784,0.7513763027473749,0.7498091251349288,0.7507654301520348,0.7494775823303795,0.7499337186489209,0.7499339148823685,0.7505003159890458,0.7494060503669289,0.7509878320031401,0.7504492600422833,COMPLETE
99,0.5282380320132197,2026-07-31 19:12:39.460604,2026-07-31 19:14:25.361471,0 days 00:01:45.900867,512,0.22203111006988258,584,0.0007206232560236966,6,0.7361058189537859,0.7502485957698406,,0.7499292900723261,0.7480762527817251,0.754577989080745,,,,,,,0.747507270461155,,,,,,,,,,,0.7470896625890576,,,,,,,,,,,0.7519125962694778,,,,,,,,,,,0.7529820619014645,,,,,,,,,,,0.7490929241486681,,,,,,,,,,,0.7524533953415048,,,,,,,,,,,0.7507615692299542,,,,,,,,,,,0.7514000422654269,,,,,,,,,,,PRUNED
