number,value,datetime_start,datetime_complete,duration,params_batch_size,params_dropout_rate,params_hidden_units,params_lr,params_n_layers,user_attrs_val_f1_epoch_1,user_attrs_val_f1_epoch_10,user_attrs_val_f1_epoch_100,user_attrs_val_f1_epoch_11,user_attrs_val_f1_epoch_12,user_attrs_val_f1_epoch_13,user_attrs_val_f1_epoch_14,user_attrs_val_f1_epoch_15,user_attrs_val_f1_epoch_16,user_attrs_val_f1_epoch_17,user_attrs_val_f1_epoch_18,user_attrs_val_f1_epoch_19,user_attrs_val_f1_epoch_2,user_attrs_val_f1_epoch_20,user_attrs_val_f1_epoch_21,user_attrs_val_f1_epoch_22,user_attrs_val_f1_epoch_23,user_attrs_val_f1_epoch_24,user_attrs_val_f1_epoch_25,user_attrs_val_f1_epoch_26,user_attrs_val_f1_epoch_27,user_attrs_val_f1_epoch_28,user_attrs_val_f1_epoch_29,user_attrs_val_f1_epoch_3,user_attrs_val_f1_epoch_30,user_attrs_val_f1_epoch_31,user_attrs_val_f1_epoch_32,user_attrs_val_f1_epoch_33,user_attrs_val_f1_epoch_34,user_attrs_val_f1_epoch_35,user_attrs_val_f1_epoch_36,user_attrs_val_f1_epoch_37,user_attrs_val_f1_epoch_38,user_attrs_val_f1_epoch_39,user_attrs_val_f1_epoch_4,user_attrs_val_f1_epoch_40,user_attrs_val_f1_epoch_41,user_attrs_val_f1_epoch_42,user_attrs_val_f1_epoch_43,user_attrs_val_f1_epoch_44,user_attrs_val_f1_epoch_45,user_attrs_val_f1_epoch_46,user_attrs_val_f1_epoch_47,user_attrs_val_f1_epoch_48,user_attrs_val_f1_epoch_49,user_attrs_val_f1_epoch_5,user_attrs_val_f1_epoch_50,user_attrs_val_f1_epoch_51,user_attrs_val_f1_epoch_52,user_attrs_val_f1_epoch_53,user_attrs_val_f1_epoch_54,user_attrs_val_f1_epoch_55,user_attrs_val_f1_epoch_56,user_attrs_val_f1_epoch_57,user_attrs_val_f1_epoch_58,user_attrs_val_f1_epoch_59,user_attrs_val_f1_epoch_6,user_attrs_val_f1_epoch_60,user_attrs_val_f1_epoch_61,user_attrs_val_f1_epoch_62,user_attrs_val_f1_epoch_63,user_attrs_val_f1_epoch_64,user_attrs_val_f1_epoch_65,user_attrs_val_f1_epoch_66,user_attrs_val_f1_epoch_67,user_attrs_val_f1_epoch_68,user_attrs_val_f1_epoch_69,user_attrs_val_f1_epoch_7,user_attrs_val_f1_epoch_70,user_attrs_val_f1_epoch_71,user_attrs_val_f1_epoch_72,user_attrs_val_f1_epoch_73,user_attrs_val_f1_epoch_74,user_attrs_val_f1_epoch_75,user_attrs_val_f1_epoch_76,user_attrs_val_f1_epoch_77,user_attrs_val_f1_epoch_78,user_attrs_val_f1_epoch_79,user_attrs_val_f1_epoch_8,user_attrs_val_f1_epoch_80,user_attrs_val_f1_epoch_81,user_attrs_val_f1_epoch_82,user_attrs_val_f1_epoch_83,user_attrs_val_f1_epoch_84,user_attrs_val_f1_epoch_85,user_attrs_val_f1_epoch_86,user_attrs_val_f1_epoch_87,user_attrs_val_f1_epoch_88,user_attrs_val_f1_epoch_89,user_attrs_val_f1_epoch_9,user_attrs_val_f1_epoch_90,user_attrs_val_f1_epoch_91,user_attrs_val_f1_epoch_92,user_attrs_val_f1_epoch_93,user_attrs_val_f1_epoch_94,user_attrs_val_f1_epoch_95,user_attrs_val_f1_epoch_96,user_attrs_val_f1_epoch_97,user_attrs_val_f1_epoch_98,user_attrs_val_f1_epoch_99,state
25,0.5423192215812862,2026-07-31 11:40:17.985352,2026-07-31 11:40:31.927657,0 days 00:00:13.942305,256,0.353202784449832,443,0.0017882323079846216,5,0.7376729576778316,,,,,,,,,,,,0.743859272766277,,,,,,,,,,,,,,,,,,,,,,,,,,,,,,,,,,,,,,,,,,,,,,,,,,,,,,,,,,,,,,,,,,,,,,,,,,,,,,,,,,,,,,,,PRUNED
26,0.5363479416323433,2026-07-31 11:40:31.930770,2026-07-31 11:41:03.824229,0 days 00:00:31.893459,512,0.24580414523942426,547,0.0015176218012577325,9,0.7415378438064646,,,,,,,,,,,,0.7467529914417897,,,,,,,,,,,0.7473122603823159,,,,,,,,,,,,,,,,,,,,,,,,,,,,,,,,,,,,,,,,,,,,,,,,,,,,,,,,,,,,,,,,,,,,,,,,,,,,,PRUNED
27,0.5689510290833071,2026-07-31 11:41:03.827233,2026-07-31 11:41:19.001240,0 days 00:00:15.174007,128,0.20253684422807663,337,0.00014201970233938024,7,0.719554042886956,,,,,,,,,,,,,,,,,,,,,,,,,,,,,,,,,,,,,,,,,,,,,,,,,,,,,,,,,,,,,,,,,,,,,,,,,,,,,,,,,,,,,,,,,,,,,,,,,,,,PRUNED
28,0.5260579714104318,2026-07-31 11:41:19.003853,2026-07-31 11:53:57.221629,0 days 00:12:38.217776,256,0.10808144546161721,387,0.0006489206300931284,6,0.7392275091246975,0.7483881432220916,0.7466781866499104,0.748111818194101,0.7491727332892124,0.7527879570799609,0.7533517604815169,0.7497726908060116,0.7538995712444433,0.753991282284822,0.7523057001664861,0.7503942269143392,0.745768580293769,0.7553669365369549,0.7540765304124183,0.7527829068847269,0.7539209391910483,0.7520253704295917,0.7560531984881516,0.7497238015682681,0.7516790995248082,0.749449331765787,0.7528092844548541,0.7495827035552343,0.7550688637161697,0.7525365073539051,0.7500033488272407,0.7537700251987831,0.7502541602011878,0.7496026507906576,0.7505113841464229,0.753964301627657,0.7525848259793214,0.7527400492946668,0.7510199892227554,0.7521360780292873,0.7527813746994001,0.7532279505639865,0.7548571428571429,0.7487191932265544,0.753594974822198,0.7506976002551223,0.7529131112946141,0.7460720824111265,0.7522729647821089,0.7533353448162773,0.7499833348887437,0.750146580672672,0.7513039323680474,0.7506236077207304,0.7512348867082489,0.7503415345845216,0.7513199437531506,0.7514631085276439,0.749993333866624,0.7498970906531756,0.7494970351545955,0.7505905201826676,0.7466913639902284,0.7483713573362645,0.7496807656359017,0.7486079880072813,0.7485574937036099,0.749754043524458,0.749498997995992,0.7485328755638948,0.7468249733191035,0.7466826028494982,0.7515858852952286,0.7513763027473749,0.7501911667765326,0.7504056529704266,0.7491043690924715,0.7478835978835979,0.7490107107054292,0.7505970480378978,0.7494648368244796,0.74765289343871,0.7504648178699558,0.7499674029259134,0.7503210756690168,0.7482692512514645,0.7470197968255663,0.7484568715378528,0.7479308552464982,0.7466836972285421,0.7480381536185167,0.7497966508721419,0.7475650310861078,0.7485931231320175,0.7496820381029803,0.7478047298992486,0.7462448703135584,0.7458239757611195,0.7480238195615514,0.7466129865314068,0.7454367234482211,0.7454255742929226,0.7475007892244554,0.7464631177206027,COMPLETE
29,0.5347477655273298,2026-07-31 11:53:57.228115,2026-07-31 11:54:14.286088,0 days 00:00:17.057973,256,0.04457569779891585,316,0.0003951484287134595,3,0.7382510650307078,,,,,,,,,,,,0.7465695587924847,,,,,,,,,,,0.7491298666011101,,,,,,,,,,,0.7511265874641541,,,,,,,,,,,,,,,,,,,,,,,,,,,,,,,,,,,,,,,,,,,,,,,,,,,,,,,,,,,,,,,,,,PRUNED
30,0.5507589085757,2026-07-31 15:29:52.356298,2026-07-31 15:29:57.066709,0 days 00:00:04.710411,512,0.30213845626056873,372,0.0031955113193178016,5,0.7359529930224018,,,,,,,,,,,,,,,,,,,,,,,,,,,,,,,,,,,,,,,,,,,,,,,,,,,,,,,,,,,,,,,,,,,,,,,,,,,,,,,,,,,,,,,,,,,,,,,,,,,,PRUNED
31,0.5258875641084199,2026-07-31 15:29:57.069584,2026-07-31 15:41:47.144986,0 days 00:11:50.075402,256,0.11158443726865709,408,0.000688982696479218,6,0.7395547875858903,0.7510385082880308,0.7467611734593423,0.7501333048949558,0.7492255963569935,0.7525827674584511,0.753770398824409,0.7501911699601561,0.7535097511327074,0.7541559565481342,0.7520148462354189,0.7506606993452768,0.746560473076462,0.7555115184542978,0.7535648468847617,0.7534340297879059,0.7537255418670532,0.7514008218154651,0.7544662478347424,0.7511344829427152,0.7525439835284491,0.7491379076271416,0.7540794526652425,0.7483177384033446,0.7545856555982939,0.7527460976507069,0.7501842101737605,0.7532555917651524,0.7513130182089632,0.7495975099280885,0.7523996365982436,0.7542331001118423,0.7536250902171774,0.7538251543711407,0.7514555103302591,0.7535321821036107,0.7520305781175346,0.7532621746071537,0.7545367221371271,0.7495217824716437,0.7530477458427963,0.7501735091559447,0.7526526329595383,0.7470384793442444,0.7523193264208311,0.7535450603539201,0.7509248170326015,0.7505505877358241,0.7525144573099568,0.7514356246122164,0.7513810697852256,0.7504430438779998,0.752386092863443,0.7519482888941017,0.750116395078151,0.7495465918267386,0.7470218354514341,0.7522283976510067,0.7483115351629502,0.7499099723915335,0.7500065877888745,0.7490165224232888,0.7485076908759755,0.7488225644282162,0.7492068548975881,0.7478228547153781,0.7481122685953155,0.7485505979203939,0.75112142708116,0.7509601567602874,0.7510452299505891,0.7500947254269177,0.750161207543197,0.747994474844605,0.7478654541122275,0.7498825617203403,0.7493139713509184,0.7479501650516452,0.7524011281078201,0.7488572513785019,0.7492063492063492,0.7478428124916517,0.7464661494313954,0.747739328445632,0.746879813054331,0.7478175367730105,0.7471336909645524,0.7486818524194176,0.7478432852328472,0.7508856983031885,0.7492738073430508,0.7481972582477086,0.7477922387427346,0.7458165642872273,0.7468887359000159,0.7464603707487958,0.746269848664333,0.7455064270094405,0.7478705730334115,0.748326340571609,COMPLETE
32,0.5354859010334628,2026-07-31 15:41:47.151387,2026-07-31 15:42:21.995855,0 days 00:00:34.844468,256,0.06078478403788948,404,0.0008911336912200844,8,0.7411503833720713,,,,,,,,,,,,0.7460530334214125,,,,,,,,,,,0.7451700206329216,,,,,,,,,,,0.7525264632038455,,,,,,,,,,,,,,,,,,,,,,,,,,,,,,,,,,,,,,,,,,,,,,,,,,,,,,,,,,,,,,,,,,PRUNED
33,0.5493061467766334,2026-07-31 15:42:21.998755,2026-07-31 15:42:29.508323,0 days 00:00:07.509568,256,0.10233468885112637,296,0.0002683757500475259,7,0.7349336127617918,,,,,,,,,,,,,,,,,,,,,,,,,,,,,,,,,,,,,,,,,,,,,,,,,,,,,,,,,,,,,,,,,,,,,,,,,,,,,,,,,,,,,,,,,,,,,,,,,,,,PRUNED
34,0.5493730701635282,2026-07-31 15:42:29.510811,2026-07-31 15:42:33.221461,0 days 00:00:03.710650,1024,0.14135845533078428,479,0.0012813058142617615,6,0.7396032074288535,,,,,,,,,,,,,,,,,,,,,,,,,,,,,,,,,,,,,,,,,,,,,,,,,,,,,,,,,,,,,,,,,,,,,,,,,,,,,,,,,,,,,,,,,,,,,,,,,,,,PRUNED
35,0.5283204910641932,2026-07-31 15:42:33.227493,2026-07-31 15:43:41.926622,0 days 00:01:08.699129,256,0.031384953986712344,443,0.0005288610647758608,4,0.7424945017091072,0.7494749878843358,,0.7496349876096712,0.7506644979569167,0.752,,,,,,,0.7472116494038699,,,,,,,,,,,0.7494513200784385,,,,,,,,,,,0.7519323207075562,,,,,,,,,,,0.7549227118209223,,,,,,,,,,,0.7494803862243153,,,,,,,,,,,0.7503180661577609,,,,,,,,,,,0.7517415920891277,,,,,,,,,,,0.7507047497473539,,,,,,,,,,,PRUNED
36,0.553422940584524,2026-07-31 15:43:41.929905,2026-07-31 15:43:44.015054,0 days 00:00:02.085149,1024,0.08699934960377126,350,0.000190576953218888,5,0.7360094387686698,,,,,,,,,,,,,,,,,,,,,,,,,,,,,,,,,,,,,,,,,,,,,,,,,,,,,,,,,,,,,,,,,,,,,,,,,,,,,,,,,,,,,,,,,,,,,,,,,,,,PRUNED
37,0.5491314443107391,2026-07-31 15:43:44.017645,2026-07-31 15:44:08.502185,0 days 00:00:24.484540,256,0.15473549374857767,845,0.00026354747293806744,9,0.7354477205962354,,,,,,,,,,,,,,,,,,,,,,,,,,,,,,,,,,,,,,,,,,,,,,,,,,,,,,,,,,,,,,,,,,,,,,,,,,,,,,,,,,,,,,,,,,,,,,,,,,,,PRUNED
38,0.5510690516431025,2026-07-31 15:44:08.504854,2026-07-31 15:44:21.521374,0 days 00:00:13.016520,256,0.25181615155404763,575,0.0005010592931852637,8,0.7330490346264784,,,,,,,,,,,,,,,,,,,,,,,,,,,,,,,,,,,,,,,,,,,,,,,,,,,,,,,,,,,,,,,,,,,,,,,,,,,,,,,,,,,,,,,,,,,,,,,,,,,,PRUNED
39,0.5568485357355146,2026-07-31 15:44:21.523975,2026-07-31 15:44:25.088946,0 days 00:00:03.564971,1024,0.12213605081765042,422,0.004257750977865403,6,0.7332593214372749,,,,,,,,,,,,,,,,,,,,,,,,,,,,,,,,,,,,,,,,,,,,,,,,,,,,,,,,,,,,,,,,,,,,,,,,,,,,,,,,,,,,,,,,,,,,,,,,,,,,PRUNED
40,0.565576111976834,2026-07-31 15:44:25.096487,2026-07-31 15:44:27.601428,0 days 00:00:02.504941,512,0.31785817053118554,292,0.0008161678295938522,2,0.7281070234113712,,,,,,,,,,,,,,,,,,,,,,,,,,,,,,,,,,,,,,,,,,,,,,,,,,,,,,,,,,,,,,,,,,,,,,,,,,,,,,,,,,,,,,,,,,,,,,,,,,,,PRUNED
41,0.5254166906418852,2026-07-31 15:44:27.603897,2026-07-31 15:56:36.090277,0 days 00:12:08.486380,256,0.12255796714462772,393,0.0006647244427704572,6,0.7364125645648902,0.7504317673677587,0.7468277466426986,0.748995741136324,0.7498775920706129,0.7534230359468098,0.7537177247136478,0.7508345573507812,0.7530410109555211,0.7553192862027587,0.7538461538461538,0.7504309365688095,0.7451106038153977,0.7555428109644035,0.7537826325554655,0.7541648558597711,0.7527079851011463,0.7514568569399976,0.7560653636654918,0.7510183299389002,0.752952078369076,0.7498920669185105,0.7535607294896726,0.748578498473202,0.754800783801437,0.7547885702323635,0.750770054908263,0.7541146870741168,0.7512849876161816,0.7498892126713846,0.7525554280589298,0.753281528929959,0.7527736906986917,0.7533109982725227,0.7520421268944258,0.7526306073472402,0.7528144884973079,0.7527185761663782,0.7543242642540563,0.7493702770780857,0.7534068448975346,0.7503797873191013,0.7536270009338788,0.7472302570539758,0.7524168399168399,0.7521819137749737,0.7502144312211858,0.7508770071881495,0.7530507513093495,0.751695848986473,0.7525149842895994,0.7516608333883643,0.7524385563217174,0.7534381268272219,0.7503305685779541,0.7502450396036981,0.7471821356026712,0.7515110196268666,0.7482527801252901,0.7510762689343609,0.7504480759093305,0.7499633142567469,0.7513748884775691,0.7497441486463138,0.7498979793325874,0.7498938203440221,0.750379853871867,0.7473718347161041,0.7509824469478649,0.7509138243879349,0.7504826893067789,0.7506153443309767,0.7508055570228725,0.7500857406674581,0.7491946982098537,0.750639168229078,0.7495054466805581,0.7470851301708992,0.7526206815725391,0.7508727886086377,0.7502208393212652,0.74745774036213,0.7480834611025932,0.7492729868344525,0.7484213050544883,0.7489133180023662,0.7494207736108384,0.7491843019065715,0.7483693155718879,0.7485805990478888,0.7506862989767906,0.748566079033768,0.7487634046931265,0.7474313469082757,0.7477392789524554,0.7480818414322251,0.7475574578952265,0.7472369245537083,0.7498132347737192,0.7491172595520421,COMPLETE
42,0.5394629515894296,2026-07-31 15:56:36.095381,2026-07-31 15:56:55.088441,0 days 00:00:18.993060,256,0.13103516470775525,484,0.0010002310533602657,7,0.742149000541676,,,,,,,,,,,,0.7452553865906993,,,,,,,,,,,,,,,,,,,,,,,,,,,,,,,,,,,,,,,,,,,,,,,,,,,,,,,,,,,,,,,,,,,,,,,,,,,,,,,,,,,,,,,,PRUNED
43,0.5499301098659455,2026-07-31 15:56:55.091328,2026-07-31 15:57:02.127713,0 days 00:00:07.036385,256,0.19034404133060245,351,0.0006609095314323419,6,0.7354164966957657,,,,,,,,,,,,,,,,,,,,,,,,,,,,,,,,,,,,,,,,,,,,,,,,,,,,,,,,,,,,,,,,,,,,,,,,,,,,,,,,,,,,,,,,,,,,,,,,,,,,PRUNED
44,0.5375101373383856,2026-07-31 15:57:02.130117,2026-07-31 15:57:36.183244,0 days 00:00:34.053127,128,0.08499811062353013,408,0.001420389417169954,5,0.7390548142511618,,,,,,,,,,,,0.7466684417226919,,,,,,,,,,,0.7459209319025013,,,,,,,,,,,,,,,,,,,,,,,,,,,,,,,,,,,,,,,,,,,,,,,,,,,,,,,,,,,,,,,,,,,,,,,,,,,,,PRUNED
45,0.5574036640324314,2026-07-31 15:57:36.185788,2026-07-31 15:57:43.859134,0 days 00:00:07.673346,256,0.22208471902325277,288,0.0004333108241751636,7,0.7287032381677108,,,,,,,,,,,,,,,,,,,,,,,,,,,,,,,,,,,,,,,,,,,,,,,,,,,,,,,,,,,,,,,,,,,,,,,,,,,,,,,,,,,,,,,,,,,,,,,,,,,,PRUNED
46,0.5418438430010958,2026-07-31 15:57:43.861559,2026-07-31 15:57:52.736254,0 days 00:00:08.874695,512,0.1621375100241467,446,0.009606261224252241,6,0.7401692047377326,,,,,,,,,,,,0.7483030068395922,,,,,,,,,,,,,,,,,,,,,,,,,,,,,,,,,,,,,,,,,,,,,,,,,,,,,,,,,,,,,,,,,,,,,,,,,,,,,,,,,,,,,,,,PRUNED
47,0.5589135363786002,2026-07-31 15:57:52.738942,2026-07-31 15:57:58.545924,0 days 00:00:05.806982,256,0.2644935222718415,511,0.0003032719112572511,4,0.7296346861941997,,,,,,,,,,,,,,,,,,,,,,,,,,,,,,,,,,,,,,,,,,,,,,,,,,,,,,,,,,,,,,,,,,,,,,,,,,,,,,,,,,,,,,,,,,,,,,,,,,,,PRUNED
48,0.5666869779941854,2026-07-31 15:57:58.548352,2026-07-31 15:58:26.081783,0 days 00:00:27.533431,256,0.29101490507136635,1022,0.00016059401067299936,8,0.7134518058431102,,,,,,,,,,,,,,,,,,,,,,,,,,,,,,,,,,,,,,,,,,,,,,,,,,,,,,,,,,,,,,,,,,,,,,,,,,,,,,,,,,,,,,,,,,,,,,,,,,,,PRUNED
49,0.5604842074633855,2026-07-31 15:58:26.084362,2026-07-31 15:58:28.511597,0 days 00:00:02.427235,512,0.21815445220334578,261,0.0005795197175939845,3,0.7317698148322971,,,,,,,,,,,,,,,,,,,,,,,,,,,,,,,,,,,,,,,,,,,,,,,,,,,,,,,,,,,,,,,,,,,,,,,,,,,,,,,,,,,,,,,,,,,,,,,,,,,,PRUNED
50,0.5483368688669132,2026-07-31 15:58:28.514136,2026-07-31 15:58:30.652412,0 days 00:00:02.138276,1024,0.1205134724171078,358,0.002371011363184819,5,0.7406707227776816,,,,,,,,,,,,,,,,,,,,,,,,,,,,,,,,,,,,,,,,,,,,,,,,,,,,,,,,,,,,,,,,,,,,,,,,,,,,,,,,,,,,,,,,,,,,,,,,,,,,PRUNED
51,0.5362274307872137,2026-07-31 15:58:30.655397,2026-07-31 15:58:52.661503,0 days 00:00:22.006106,256,0.09903764419671958,398,0.0006349324736041604,6,0.7400485436893204,,,,,,,,,,,,0.7471447543160691,,,,,,,,,,,0.7467171449751139,,,,,,,,,,,,,,,,,,,,,,,,,,,,,,,,,,,,,,,,,,,,,,,,,,,,,,,,,,,,,,,,,,,,,,,,,,,,,PRUNED
52,0.5344775886511133,2026-07-31 15:58:52.664328,2026-07-31 15:59:19.623130,0 days 00:00:26.958802,256,0.11458896480280824,312,0.0009388274259570924,6,0.7406673450806063,,,,,,,,,,,,0.7450943723868934,,,,,,,,,,,0.7475733333333333,,,,,,,,,,,0.7526062243519486,,,,,,,,,,,,,,,,,,,,,,,,,,,,,,,,,,,,,,,,,,,,,,,,,,,,,,,,,,,,,,,,,,PRUNED
53,0.53619822967907,2026-07-31 15:59:19.625673,2026-07-31 15:59:43.818976,0 days 00:00:24.193303,256,0.0784833062454765,394,0.0011704567362703572,7,0.7414950551870487,,,,,,,,,,,,0.7461830788719248,,,,,,,,,,,0.7458043170842339,,,,,,,,,,,,,,,,,,,,,,,,,,,,,,,,,,,,,,,,,,,,,,,,,,,,,,,,,,,,,,,,,,,,,,,,,,,,,PRUNED
54,0.5353587087133466,2026-07-31 15:59:43.821883,2026-07-31 16:00:30.949718,0 days 00:00:47.127835,256,0.05122908054379326,662,0.0006680592985962905,6,0.7408009595522089,,,,,,,,,,,,0.7475287485609179,,,,,,,,,,,0.7465181058495822,,,,,,,,,,,0.7517245808979383,,,,,,,,,,,,,,,,,,,,,,,,,,,,,,,,,,,,,,,,,,,,,,,,,,,,,,,,,,,,,,,,,,PRUNED
55,0.5488223588870387,2026-07-31 16:00:30.952804,2026-07-31 16:00:47.508685,0 days 00:00:16.555881,128,0.13997993995428418,370,0.0005320603817751459,8,0.73363300424687,,,,,,,,,,,,,,,,,,,,,,,,,,,,,,,,,,,,,,,,,,,,,,,,,,,,,,,,,,,,,,,,,,,,,,,,,,,,,,,,,,,,,,,,,,,,,,,,,,,,PRUNED
56,0.570784656893929,2026-07-31 16:00:47.511171,2026-07-31 16:00:55.908486,0 days 00:00:08.397315,256,0.3497357214738262,321,0.00045257336971963246,7,0.7192692358981198,,,,,,,,,,,,,,,,,,,,,,,,,,,,,,,,,,,,,,,,,,,,,,,,,,,,,,,,,,,,,,,,,,,,,,,,,,,,,,,,,,,,,,,,,,,,,,,,,,,,PRUNED
57,0.5479972631457595,2026-07-31 16:00:55.911882,2026-07-31 16:01:02.193799,0 days 00:00:06.281917,256,0.16713667013057124,442,0.0007641571281406703,4,0.7387270415753739,,,,,,,,,,,,,,,,,,,,,,,,,,,,,,,,,,,,,,,,,,,,,,,,,,,,,,,,,,,,,,,,,,,,,,,,,,,,,,,,,,,,,,,,,,,,,,,,,,,,PRUNED
58,0.5400743187905248,2026-07-31 16:01:02.196707,2026-07-31 16:01:09.928847,0 days 00:00:07.732140,512,0.10802206872705056,390,0.0017326657647073053,5,0.7412300683371298,,,,,,,,,,,,0.7477778494484938,,,,,,,,,,,,,,,,,,,,,,,,,,,,,,,,,,,,,,,,,,,,,,,,,,,,,,,,,,,,,,,,,,,,,,,,,,,,,,,,,,,,,,,,PRUNED
59,0.5480734335463445,2026-07-31 16:01:09.931770,2026-07-31 16:01:19.080355,0 days 00:00:09.148585,256,0.18260894119927074,506,0.0003982890141340928,6,0.7362401324340224,,,,,,,,,,,,,,,,,,,,,,,,,,,,,,,,,,,,,,,,,,,,,,,,,,,,,,,,,,,,,,,,,,,,,,,,,,,,,,,,,,,,,,,,,,,,,,,,,,,,PRUNED
60,0.5369695463225516,2026-07-31 16:01:19.083208,2026-07-31 16:01:46.794616,0 days 00:00:27.711408,256,0.0223762335753398,464,0.0002336000234546958,7,0.7418015829585041,,,,,,,,,,,,0.7460334419573695,,,,,,,,,,,0.7454880587712668,,,,,,,,,,,,,,,,,,,,,,,,,,,,,,,,,,,,,,,,,,,,,,,,,,,,,,,,,,,,,,,,,,,,,,,,,,,,,PRUNED
61,0.5646534436331913,2026-07-31 16:01:46.797927,2026-07-31 16:01:51.737832,0 days 00:00:04.939905,1024,0.0715391180577763,335,0.00011329550151760616,9,0.7255203470811137,,,,,,,,,,,,,,,,,,,,,,,,,,,,,,,,,,,,,,,,,,,,,,,,,,,,,,,,,,,,,,,,,,,,,,,,,,,,,,,,,,,,,,,,,,,,,,,,,,,,PRUNED
62,0.5563491774745373,2026-07-31 16:01:51.741146,2026-07-31 16:01:57.490978,0 days 00:00:05.749832,1024,0.09568347983105113,377,0.00032609309987962384,10,0.7310800578233634,,,,,,,,,,,,,,,,,,,,,,,,,,,,,,,,,,,,,,,,,,,,,,,,,,,,,,,,,,,,,,,,,,,,,,,,,,,,,,,,,,,,,,,,,,,,,,,,,,,,PRUNED
63,0.5648949377427062,2026-07-31 16:01:57.494776,2026-07-31 16:02:03.187049,0 days 00:00:05.692273,1024,0.1293429430452311,433,0.00019864972719683212,8,0.7257412025491826,,,,,,,,,,,,,,,,,,,,,,,,,,,,,,,,,,,,,,,,,,,,,,,,,,,,,,,,,,,,,,,,,,,,,,,,,,,,,,,,,,,,,,,,,,,,,,,,,,,,PRUNED
64,0.5518252588674867,2026-07-31 16:02:03.190384,2026-07-31 16:02:05.797643,0 days 00:00:02.607259,1024,0.06097305812471976,294,0.0008525587482347256,5,0.7379899323956383,,,,,,,,,,,,,,,,,,,,,,,,,,,,,,,,,,,,,,,,,,,,,,,,,,,,,,,,,,,,,,,,,,,,,,,,,,,,,,,,,,,,,,,,,,,,,,,,,,,,PRUNED
65,0.5388781750385747,2026-07-31 16:02:05.800615,2026-07-31 16:02:21.285062,0 days 00:00:15.484447,512,0.04505145869142463,416,0.00015056683908498905,10,0.738785141239129,,,,,,,,,,,,0.7454603546514724,,,,,,,,,,,,,,,,,,,,,,,,,,,,,,,,,,,,,,,,,,,,,,,,,,,,,,,,,,,,,,,,,,,,,,,,,,,,,,,,,,,,,,,,PRUNED
66,0.5616995660319778,2026-07-31 16:02:21.288168,2026-07-31 16:02:39.318442,0 days 00:00:18.030274,128,0.25958491915810056,337,0.00029856658881456416,9,0.7226182307056731,,,,,,,,,,,,,,,,,,,,,,,,,,,,,,,,,,,,,,,,,,,,,,,,,,,,,,,,,,,,,,,,,,,,,,,,,,,,,,,,,,,,,,,,,,,,,,,,,,,,PRUNED
67,0.5358544751510158,2026-07-31 16:02:39.321031,2026-07-31 16:03:16.506916,0 days 00:00:37.185885,256,0.14884334392689266,542,0.001130630377709817,6,0.741880933675983,,,,,,,,,,,,0.746694335807593,,,,,,,,,,,0.7465442735593312,,,,,,,,,,,0.753027365876992,,,,,,,,,,,,,,,,,,,,,,,,,,,,,,,,,,,,,,,,,,,,,,,,,,,,,,,,,,,,,,,,,,PRUNED
68,0.5564446659022055,2026-07-31 16:03:16.510193,2026-07-31 16:03:24.362191,0 days 00:00:07.851998,256,0.2349768457457072,275,0.0005040072855120201,7,0.7320266764462192,,,,,,,,,,,,,,,,,,,,,,,,,,,,,,,,,,,,,,,,,,,,,,,,,,,,,,,,,,,,,,,,,,,,,,,,,,,,,,,,,,,,,,,,,,,,,,,,,,,,PRUNED
69,0.5566473575411686,2026-07-31 16:03:24.364832,2026-07-31 16:03:33.119583,0 days 00:00:08.754751,1024,0.09019795915154188,988,0.0006899358763427797,3,0.7347852028639618,,,,,,,,,,,,,,,,,,,,,,,,,,,,,,,,,,,,,,,,,,,,,,,,,,,,,,,,,,,,,,,,,,,,,,,,,,,,,,,,,,,,,,,,,,,,,,,,,,,,PRUNED
70,0.6218418530285035,2026-07-31 16:03:33.123121,2026-07-31 16:03:38.594980,0 days 00:00:05.471859,512,0.39168108054389617,458,0.0001346748023765008,5,0.6922026118791322,,,,,,,,,,,,,,,,,,,,,,,,,,,,,,,,,,,,,,,,,,,,,,,,,,,,,,,,,,,,,,,,,,,,,,,,,,,,,,,,,,,,,,,,,,,,,,,,,,,,PRUNED
71,0.5373162746639963,2026-07-31 16:03:38.598528,2026-07-31 16:03:54.676290,0 days 00:00:16.077762,256,0.0005021688120713554,362,0.005596082506326755,2,0.7408111873124732,,,,,,,,,,,,0.7484627335274228,,,,,,,,,,,0.7497814029363785,,,,,,,,,,,0.7520401757689893,,,,,,,,,,,,,,,,,,,,,,,,,,,,,,,,,,,,,,,,,,,,,,,,,,,,,,,,,,,,,,,,,,PRUNED
