number,value,datetime_start,datetime_complete,duration,params_batch_size,params_dropout_rate,params_hidden_units,params_lr,params_n_layers,user_attrs_val_f1_epoch_1,user_attrs_val_f1_epoch_10,user_attrs_val_f1_epoch_100,user_attrs_val_f1_epoch_11,user_attrs_val_f1_epoch_12,user_attrs_val_f1_epoch_13,user_attrs_val_f1_epoch_14,user_attrs_val_f1_epoch_15,user_attrs_val_f1_epoch_16,user_attrs_val_f1_epoch_17,user_attrs_val_f1_epoch_18,user_attrs_val_f1_epoch_19,user_attrs_val_f1_epoch_2,user_attrs_val_f1_epoch_20,user_attrs_val_f1_epoch_21,user_attrs_val_f1_epoch_22,user_attrs_val_f1_epoch_23,user_attrs_val_f1_epoch_24,user_attrs_val_f1_epoch_25,user_attrs_val_f1_epoch_26,user_attrs_val_f1_epoch_27,user_attrs_val_f1_epoch_28,user_attrs_val_f1_epoch_29,user_attrs_val_f1_epoch_3,user_attrs_val_f1_epoch_30,user_attrs_val_f1_epoch_31,user_attrs_val_f1_epoch_32,user_attrs_val_f1_epoch_33,user_attrs_val_f1_epoch_34,user_attrs_val_f1_epoch_35,user_attrs_val_f1_epoch_36,user_attrs_val_f1_epoch_37,user_attrs_val_f1_epoch_38,user_attrs_val_f1_epoch_39,user_attrs_val_f1_epoch_4,user_attrs_val_f1_epoch_40,user_attrs_val_f1_epoch_41,user_attrs_val_f1_epoch_42,user_attrs_val_f1_epoch_43,user_attrs_val_f1_epoch_44,user_attrs_val_f1_epoch_45,user_attrs_val_f1_epoch_46,user_attrs_val_f1_epoch_47,user_attrs_val_f1_epoch_48,user_attrs_val_f1_epoch_49,user_attrs_val_f1_epoch_5,user_attrs_val_f1_epoch_50,user_attrs_val_f1_epoch_51,user_attrs_val_f1_epoch_52,user_attrs_val_f1_epoch_53,user_attrs_val_f1_epoch_54,user_attrs_val_f1_epoch_55,user_attrs_val_f1_epoch_56,user_attrs_val_f1_epoch_57,user_attrs_val_f1_epoch_58,user_attrs_val_f1_epoch_59,user_attrs_val_f1_epoch_6,user_attrs_val_f1_epoch_60,user_attrs_val_f1_epoch_61,user_attrs_val_f1_epoch_62,user_attrs_val_f1_epoch_63,user_attrs_val_f1_epoch_64,user_attrs_val_f1_epoch_65,user_attrs_val_f1_epoch_66,user_attrs_val_f1_epoch_67,user_attrs_val_f1_epoch_68,user_attrs_val_f1_epoch_69,user_attrs_val_f1_epoch_7,user_attrs_val_f1_epoch_70,user_attrs_val_f1_epoch_71,user_attrs_val_f1_epoch_72,user_attrs_val_f1_epoch_73,user_attrs_val_f1_epoch_74,user_attrs_val_f1_epoch_75,user_attrs_val_f1_epoch_76,user_attrs_val_f1_epoch_77,user_attrs_val_f1_epoch_78,user_attrs_val_f1_epoch_79,user_attrs_val_f1_epoch_8,user_attrs_val_f1_epoch_80,user_attrs_val_f1_epoch_81,user_attrs_val_f1_epoch_82,user_attrs_val_f1_epoch_83,user_attrs_val_f1_epoch_84,user_attrs_val_f1_epoch_85,user_attrs_val_f1_epoch_86,user_attrs_val_f1_epoch_87,user_attrs_val_f1_epoch_88,user_attrs_val_f1_epoch_89,user_attrs_val_f1_epoch_9,user_attrs_val_f1_epoch_90,user_attrs_val_f1_epoch_91,user_attrs_val_f1_epoch_92,user_attrs_val_f1_epoch_93,user_attrs_val_f1_epoch_94,user_attrs_val_f1_epoch_95,user_attrs_val_f1_epoch_96,user_attrs_val_f1_epoch_97,user_attrs_val_f1_epoch_98,user_attrs_val_f1_epoch_99,state
72,0.5284291131828863,2026-07-31 16:03:54.679238,2026-07-31 16:05:00.888119,0 days 00:01:06.208881,256,0.028381699635277147,490,0.0024231474951046978,3,0.7438068856351405,0.7502782135339152,,0.7501633572924029,0.7507072506286673,0.7521948904532152,,,,,,,0.7488071923344856,,,,,,,,,,,0.7519527181837117,,,,,,,,,,,0.7521946357607432,,,,,,,,,,,0.7540096568329212,,,,,,,,,,,0.7498230065290925,,,,,,,,,,,0.7507523292639657,,,,,,,,,,,0.7522832837534575,,,,,,,,,,,0.7506992355025173,,,,,,,,,,,PRUNED
73,0.5344364094967239,2026-07-31 16:05:00.891364,2026-07-31 16:05:22.549721,0 days 00:00:21.658357,256,0.016046069900913867,386,0.0001785201830989905,4,0.7425186125547136,,,,,,,,,,,,0.7468086793350425,,,,,,,,,,,0.7482095248052695,,,,,,,,,,,0.7515426333621034,,,,,,,,,,,,,,,,,,,,,,,,,,,,,,,,,,,,,,,,,,,,,,,,,,,,,,,,,,,,,,,,,,PRUNED
74,0.5524201359896794,2026-07-31 16:05:22.553178,2026-07-31 16:05:26.712967,0 days 00:00:04.159789,256,0.11035742527836008,306,0.0002442418623675882,3,0.7362550229138948,,,,,,,,,,,,,,,,,,,,,,,,,,,,,,,,,,,,,,,,,,,,,,,,,,,,,,,,,,,,,,,,,,,,,,,,,,,,,,,,,,,,,,,,,,,,,,,,,,,,PRUNED
75,0.5535473535671337,2026-07-31 16:05:26.715609,2026-07-31 16:05:34.206835,0 days 00:00:07.491226,256,0.2838409817361938,414,0.0005900371333993906,6,0.7287015439298011,,,,,,,,,,,,,,,,,,,,,,,,,,,,,,,,,,,,,,,,,,,,,,,,,,,,,,,,,,,,,,,,,,,,,,,,,,,,,,,,,,,,,,,,,,,,,,,,,,,,PRUNED
76,0.556387718507088,2026-07-31 16:05:34.209429,2026-07-31 16:05:37.495404,0 days 00:00:03.285975,256,0.06931052743520874,351,0.0003719449628603686,2,0.7331102591543953,,,,,,,,,,,,,,,,,,,,,,,,,,,,,,,,,,,,,,,,,,,,,,,,,,,,,,,,,,,,,,,,,,,,,,,,,,,,,,,,,,,,,,,,,,,,,,,,,,,,PRUNED
77,0.5347845317047508,2026-07-31 16:05:37.497840,2026-07-31 16:06:07.396910,0 days 00:00:29.899070,256,0.13474818277424952,329,0.003843780605622711,7,0.7422974794176908,,,,,,,,,,,,0.7443066699084204,,,,,,,,,,,0.7470154401230965,,,,,,,,,,,0.7529951246551355,,,,,,,,,,,,,,,,,,,,,,,,,,,,,,,,,,,,,,,,,,,,,,,,,,,,,,,,,,,,,,,,,,PRUNED
78,0.5510611332425084,2026-07-31 16:06:07.399473,2026-07-31 16:06:11.184865,0 days 00:00:03.785392,512,0.03259696804088179,278,0.00010357100775465419,6,0.7373025321365989,,,,,,,,,,,,,,,,,,,,,,,,,,,,,,,,,,,,,,,,,,,,,,,,,,,,,,,,,,,,,,,,,,,,,,,,,,,,,,,,,,,,,,,,,,,,,,,,,,,,PRUNED
79,0.5420588711927926,2026-07-31 16:06:11.187457,2026-07-31 16:06:42.694339,0 days 00:00:31.506882,128,0.08163087141129219,256,0.009331130144231323,5,0.7397278764645537,,,,,,,,,,,,0.746909235774517,,,,,,,,,,,0.7448315292955806,,,,,,,,,,,,,,,,,,,,,,,,,,,,,,,,,,,,,,,,,,,,,,,,,,,,,,,,,,,,,,,,,,,,,,,,,,,,,PRUNED
80,0.5367988059229426,2026-07-31 16:06:42.696939,2026-07-31 16:06:58.538867,0 days 00:00:15.841928,256,0.2071476136186599,428,0.006082941394296192,4,0.7398808245651707,,,,,,,,,,,,0.7472796088944962,,,,,,,,,,,0.7476016415724258,,,,,,,,,,,,,,,,,,,,,,,,,,,,,,,,,,,,,,,,,,,,,,,,,,,,,,,,,,,,,,,,,,,,,,,,,,,,,PRUNED
81,0.5515658216530184,2026-07-31 16:06:58.541715,2026-07-31 16:07:01.965761,0 days 00:00:03.424046,1024,0.12549494013858062,714,0.000986964049704553,4,0.7377527846869255,,,,,,,,,,,,,,,,,,,,,,,,,,,,,,,,,,,,,,,,,,,,,,,,,,,,,,,,,,,,,,,,,,,,,,,,,,,,,,,,,,,,,,,,,,,,,,,,,,,,PRUNED
82,0.5566729369314953,2026-07-31 16:07:01.968249,2026-07-31 16:07:04.112517,0 days 00:00:02.144268,1024,0.14716832541002703,682,0.0007729024233186575,3,0.7344668117519042,,,,,,,,,,,,,,,,,,,,,,,,,,,,,,,,,,,,,,,,,,,,,,,,,,,,,,,,,,,,,,,,,,,,,,,,,,,,,,,,,,,,,,,,,,,,,,,,,,,,PRUNED
83,0.5508749621729828,2026-07-31 16:07:04.115635,2026-07-31 16:07:17.580060,0 days 00:00:13.464425,1024,0.3060086991983611,913,0.0012926900080090105,8,0.7381404682274247,,,,,,,,,,,,,,,,,,,,,,,,,,,,,,,,,,,,,,,,,,,,,,,,,,,,,,,,,,,,,,,,,,,,,,,,,,,,,,,,,,,,,,,,,,,,,,,,,,,,PRUNED
84,0.5521083312581798,2026-07-31 16:07:17.582680,2026-07-31 16:07:24.568260,0 days 00:00:06.985580,1024,0.10396320435202376,845,0.0004485168396080875,4,0.7369922952534956,,,,,,,,,,,,,,,,,,,,,,,,,,,,,,,,,,,,,,,,,,,,,,,,,,,,,,,,,,,,,,,,,,,,,,,,,,,,,,,,,,,,,,,,,,,,,,,,,,,,PRUNED
85,0.5387243917152283,2026-07-31 16:07:24.571788,2026-07-31 16:07:52.622538,0 days 00:00:28.050750,256,0.16903108782594228,775,0.0007092987096334684,5,0.7381524586179894,,,,,,,,,,,,0.744623583559874,,,,,,,,,,,,,,,,,,,,,,,,,,,,,,,,,,,,,,,,,,,,,,,,,,,,,,,,,,,,,,,,,,,,,,,,,,,,,,,,,,,,,,,,PRUNED
86,0.5625993990918782,2026-07-31 16:07:52.625569,2026-07-31 16:07:54.061449,0 days 00:00:01.435880,1024,0.1159104265568468,365,0.0005721214369477924,2,0.7299661665790502,,,,,,,,,,,,,,,,,,,,,,,,,,,,,,,,,,,,,,,,,,,,,,,,,,,,,,,,,,,,,,,,,,,,,,,,,,,,,,,,,,,,,,,,,,,,,,,,,,,,PRUNED
87,0.5517636797865879,2026-07-31 16:07:54.063909,2026-07-31 16:07:56.634798,0 days 00:00:02.570889,512,0.051564588191821754,307,0.0008776457761825713,3,0.7354496638848688,,,,,,,,,,,,,,,,,,,,,,,,,,,,,,,,,,,,,,,,,,,,,,,,,,,,,,,,,,,,,,,,,,,,,,,,,,,,,,,,,,,,,,,,,,,,,,,,,,,,PRUNED
88,0.5362331158835021,2026-07-31 16:07:56.637533,2026-07-31 16:08:22.154641,0 days 00:00:25.517108,256,0.09231314047240652,394,0.0010844922265121908,7,0.7417329537896725,,,,,,,,,,,,0.746840505519117,,,,,,,,,,,0.74573055028463,,,,,,,,,,,,,,,,,,,,,,,,,,,,,,,,,,,,,,,,,,,,,,,,,,,,,,,,,,,,,,,,,,,,,,,,,,,,,PRUNED
89,0.5346019726356004,2026-07-31 16:08:22.157508,2026-07-31 16:08:59.773974,0 days 00:00:37.616466,256,0.07769135373814302,343,0.0006124655698944564,9,0.7382319949184383,,,,,,,,,,,,0.7469656013144644,,,,,,,,,,,0.7458905591002487,,,,,,,,,,,0.7528006736928062,,,,,,,,,,,,,,,,,,,,,,,,,,,,,,,,,,,,,,,,,,,,,,,,,,,,,,,,,,,,,,,,,,PRUNED
90,0.5397202703472964,2026-07-31 16:08:59.776660,2026-07-31 16:09:20.302343,0 days 00:00:20.525683,256,0.2720355693246056,607,0.0015818570982270553,6,0.7411599061347637,,,,,,,,,,,,0.7460587591192729,,,,,,,,,,,,,,,,,,,,,,,,,,,,,,,,,,,,,,,,,,,,,,,,,,,,,,,,,,,,,,,,,,,,,,,,,,,,,,,,,,,,,,,,PRUNED
91,0.5289523478361029,2026-07-31 16:09:20.305307,2026-07-31 16:10:32.598316,0 days 00:01:12.293009,256,0.012765047690993958,460,0.002029538936261015,4,0.744148060330633,0.7493621249966428,,0.7503875554605228,0.7495920837938839,0.7509891849116328,,,,,,,0.7476172826432278,,,,,,,,,,,0.749700156841037,,,,,,,,,,,0.7521753553293016,,,,,,,,,,,0.7543839215229516,,,,,,,,,,,0.7485821808755608,,,,,,,,,,,0.7477560629773801,,,,,,,,,,,0.7511688176384024,,,,,,,,,,,0.7505569414244361,,,,,,,,,,,PRUNED
92,0.5282359757035937,2026-07-31 16:10:32.601985,2026-07-31 16:11:42.351090,0 days 00:01:09.749105,256,0.037422096742263905,408,0.0005326690829912267,4,0.7415351698315058,0.7503161066422749,,0.7502278209595282,0.7505377763114484,0.7528520133027705,,,,,,,0.7481323090731501,,,,,,,,,,,0.7508978295945453,,,,,,,,,,,0.7521628629373861,,,,,,,,,,,0.7548410479444962,,,,,,,,,,,0.7490240921099326,,,,,,,,,,,0.7499436062789433,,,,,,,,,,,0.7520114942528736,,,,,,,,,,,0.7508541497720052,,,,,,,,,,,PRUNED
93,0.5571435175888633,2026-07-31 16:11:42.354268,2026-07-31 16:11:47.828105,0 days 00:00:05.473837,256,0.32317467106532294,407,0.00048726051317473507,4,0.7329427380106452,,,,,,,,,,,,,,,,,,,,,,,,,,,,,,,,,,,,,,,,,,,,,,,,,,,,,,,,,,,,,,,,,,,,,,,,,,,,,,,,,,,,,,,,,,,,,,,,,,,,PRUNED
94,0.5347635581092639,2026-07-31 16:11:47.830676,2026-07-31 16:12:12.127999,0 days 00:00:24.297323,256,0.04017689761882451,383,0.00021243657949416845,5,0.7411565034946345,,,,,,,,,,,,0.744064602960969,,,,,,,,,,,0.7474096670698995,,,,,,,,,,,0.750954996205739,,,,,,,,,,,,,,,,,,,,,,,,,,,,,,,,,,,,,,,,,,,,,,,,,,,,,,,,,,,,,,,,,,PRUNED
95,0.5479177244823604,2026-07-31 16:12:12.130806,2026-07-31 16:12:16.293864,0 days 00:00:04.163058,256,0.05579635729299922,318,0.0003870906660276642,3,0.7393500837520938,,,,,,,,,,,,,,,,,,,,,,,,,,,,,,,,,,,,,,,,,,,,,,,,,,,,,,,,,,,,,,,,,,,,,,,,,,,,,,,,,,,,,,,,,,,,,,,,,,,,PRUNED
96,0.5967480370361137,2026-07-31 16:12:16.296400,2026-07-31 16:12:18.465120,0 days 00:00:02.168720,1024,0.3715021584997954,369,0.00028144172905739204,4,0.7063600188844675,,,,,,,,,,,,,,,,,,,,,,,,,,,,,,,,,,,,,,,,,,,,,,,,,,,,,,,,,,,,,,,,,,,,,,,,,,,,,,,,,,,,,,,,,,,,,,,,,,,,PRUNED
97,0.5394296753178305,2026-07-31 16:12:18.467838,2026-07-31 16:13:21.496057,0 days 00:01:03.028219,128,0.03714094148491518,574,0.0005416058850485231,8,0.7368363302198632,,,,,,,,,,,,0.7476069596488445,,,,,,,,,,,0.7438389448108296,,,,,,,,,,,,,,,,,,,,,,,,,,,,,,,,,,,,,,,,,,,,,,,,,,,,,,,,,,,,,,,,,,,,,,,,,,,,,PRUNED
98,0.5527736886972228,2026-07-31 16:13:21.499024,2026-07-31 16:13:26.289186,0 days 00:00:04.790162,512,0.2473731524838405,430,0.000803843795127934,6,0.7315961448694362,,,,,,,,,,,,,,,,,,,,,,,,,,,,,,,,,,,,,,,,,,,,,,,,,,,,,,,,,,,,,,,,,,,,,,,,,,,,,,,,,,,,,,,,,,,,,,,,,,,,PRUNED
99,0.5505850445971723,2026-07-31 16:13:26.292514,2026-07-31 16:13:36.750888,0 days 00:00:10.458374,256,0.11827607991691462,352,0.0003393343138380173,10,0.7324958077906369,,,,,,,,,,,,,,,,,,,,,,,,,,,,,,,,,,,,,,,,,,,,,,,,,,,,,,,,,,,,,,,,,,,,,,,,,,,,,,,,,,,,,,,,,,,,,,,,,,,,PRUNED
